Build started 30-09-2015 14:53:04.
     1>Project "C:\Users\kanak\Desktop\New folder\Simulation 8.3.10 LEACH\ZigBee\ZigBee.vcxproj" on node 2 (rebuild target(s)).
     1>_PrepareForClean:
         Deleting file "Debug\ZigBee.lastbuildstate".
     1>C:\Program Files (x86)\MSBuild\Microsoft.Cpp\v4.0\Microsoft.CppBuild.targets(299,5): warning MSB8004: Output Directory does not end with a trailing slash.  This build instance will add the slash as it is required to allow proper evaluation of the Output Directory.
       InitializeBuildStatus:
         Creating "Debug\ZigBee.unsuccessfulbuild" because "AlwaysCreate" was specified.
       ClCompile:
         C:\Program Files (x86)\Microsoft Visual Studio 10.0\VC\bin\CL.exe /c /I..\Include /ZI /nologo /W3 /WX- /Od /Oy- /D WIN32 /D _DEBUG /D _WINDOWS /D _USRDLL /D ZIGBEE_EXPORTS /D _WINDLL /D _UNICODE /D UNICODE /Gm /EHsc /RTC1 /MDd /GS /fp:precise /Zc:wchar_t /Zc:forScope /Fo"Debug\\" /Fd"Debug\vc100.pdb" /Gd /TC /analyze- /errorReport:prompt 802_15_4.c AgentModel.c BackoffCalculation.c BERCalculation.c CCA.c ChangeRadioState.c ErrorPathLoss.c LocateBackoffBoundary.c ReceivedPower.c Sensor.c ShadowLoss.c SINRCalculation.c SlottedCSMACA.c Superframe.c UnslottedCSMACA.c
         UnslottedCSMACA.c
         Superframe.c
         SlottedCSMACA.c
         SINRCalculation.c
         ShadowLoss.c
         Sensor.c
     1>c:\users\kanak\desktop\new folder\simulation 8.3.10 leach\zigbee\sensor.c(30): warning C4101: 'dDistance' : unreferenced local variable
     1>c:\users\kanak\desktop\new folder\simulation 8.3.10 leach\zigbee\sensor.c(28): warning C4101: 'nAgentLoop' : unreferenced local variable
     1>c:\users\kanak\desktop\new folder\simulation 8.3.10 leach\zigbee\sensor.c(27): warning C4101: 'str' : unreferenced local variable
         ReceivedPower.c
         LocateBackoffBoundary.c
         ErrorPathLoss.c
         ChangeRadioState.c
         CCA.c
         BERCalculation.c
         BackoffCalculation.c
         AgentModel.c
         802_15_4.c
         Generating Code...
       ManifestResourceCompile:
         c:\Program Files (x86)\Microsoft SDKs\Windows\v7.0A\bin\rc.exe /nologo /fo"Debug\ZigBee.dll.embed.manifest.res" Debug\ZigBee_manifest.rc 
     1>C:\Program Files (x86)\MSBuild\Microsoft.Cpp\v4.0\Microsoft.CppBuild.targets(990,5): warning MSB8012: TargetPath(C:\Users\kanak\Desktop\New folder\Simulation 8.3.10 LEACH\ZigBee\..\Dll\ZigBee.dll) does not match the Linker's OutputFile property value (C:\Users\kanak\Desktop\New folder\Simulation 8.3.10 LEACH\Dll\libZigbee.dll). This may cause your project to build incorrectly. To correct this, please make sure that $(OutDir), $(TargetName) and $(TargetExt) property values match the value specified in %(Link.OutputFile).
     1>C:\Program Files (x86)\MSBuild\Microsoft.Cpp\v4.0\Microsoft.CppBuild.targets(992,5): warning MSB8012: TargetName(ZigBee) does not match the Linker's OutputFile property value (libZigbee). This may cause your project to build incorrectly. To correct this, please make sure that $(OutDir), $(TargetName) and $(TargetExt) property values match the value specified in %(Link.OutputFile).
       Link:
         C:\Program Files (x86)\Microsoft Visual Studio 10.0\VC\bin\link.exe /ERRORREPORT:PROMPT /OUT:"..\Dll\libZigbee.dll" /INCREMENTAL /NOLOGO /LIBPATH:..\lib kernel32.lib user32.lib gdi32.lib winspool.lib comdlg32.lib advapi32.lib shell32.lib ole32.lib oleaut32.lib uuid.lib odbc32.lib odbccp32.lib /MANIFEST /ManifestFile:"Debug\ZigBee.dll.intermediate.manifest" /MANIFESTUAC:"level='asInvoker' uiAccess='false'" /DEBUG /PDB:"C:\Users\kanak\Desktop\New folder\Simulation 8.3.10 LEACH\Dll\ZigBee.pdb" /SUBSYSTEM:WINDOWS /TLBID:1 /DYNAMICBASE /NXCOMPAT /IMPLIB:"..\Dll\ZigBee.lib" /MACHINE:X86 /DLL Debug\ZigBee.dll.embed.manifest.res
         Debug\802_15_4.obj
         Debug\AgentModel.obj
         Debug\BackoffCalculation.obj
         Debug\BERCalculation.obj
         Debug\CCA.obj
         Debug\ChangeRadioState.obj
         Debug\ErrorPathLoss.obj
         Debug\LocateBackoffBoundary.obj
         Debug\ReceivedPower.obj
         Debug\Sensor.obj
         Debug\ShadowLoss.obj
         Debug\SINRCalculation.obj
         Debug\SlottedCSMACA.obj
         Debug\Superframe.obj
         Debug\UnslottedCSMACA.obj Zigbee.lib NetworkStack.lib Metrics.lib Mobility.lib List.lib 
         Zigbee.lib(802_15_4_lib.obj) : MSIL .netmodule or module compiled with /GL found; restarting link with /LTCG; add /LTCG to the link command line to improve linker performance
     1>LINK : warning LNK4075: ignoring '/INCREMENTAL' due to '/LTCG' specification
            Creating library ..\Dll\ZigBee.lib and object ..\Dll\ZigBee.exp
     1>LINK : warning LNK4098: defaultlib 'MSVCRT' conflicts with use of other libs; use /NODEFAULTLIB:library
         Generating code
         Finished generating code
     1>Zigbee.lib(802_15_4_lib.obj) : warning LNK4099: PDB 'vc100.pdb' was not found with 'Zigbee.lib(802_15_4_lib.obj)' or at 'C:\Users\kanak\Desktop\New folder\Simulation 8.3.10 LEACH\Dll\vc100.pdb'; linking object as if no debug info
     1>List.lib(List.obj) : warning LNK4099: PDB 'vc100.pdb' was not found with 'List.lib(List.obj)' or at 'C:\Users\kanak\Desktop\New folder\Simulation 8.3.10 LEACH\Dll\vc100.pdb'; linking object as if no debug info
       Manifest:
         Deleting file "Debug\ZigBee.dll.embed.manifest".
         c:\Program Files (x86)\Microsoft SDKs\Windows\v7.0A\bin\mt.exe /nologo /verbose /out:"Debug\ZigBee.dll.embed.manifest" /manifest Debug\ZigBee.dll.intermediate.manifest
         c:\Program Files (x86)\Microsoft SDKs\Windows\v7.0A\bin\rc.exe /nologo /fo"Debug\ZigBee.dll.embed.manifest.res" Debug\ZigBee_manifest.rc 
       LinkEmbedManifest:
         C:\Program Files (x86)\Microsoft Visual Studio 10.0\VC\bin\link.exe /ERRORREPORT:PROMPT /OUT:"..\Dll\libZigbee.dll" /INCREMENTAL /NOLOGO /LIBPATH:..\lib kernel32.lib user32.lib gdi32.lib winspool.lib comdlg32.lib advapi32.lib shell32.lib ole32.lib oleaut32.lib uuid.lib odbc32.lib odbccp32.lib /MANIFEST /ManifestFile:"Debug\ZigBee.dll.intermediate.manifest" /MANIFESTUAC:"level='asInvoker' uiAccess='false'" /DEBUG /PDB:"C:\Users\kanak\Desktop\New folder\Simulation 8.3.10 LEACH\Dll\ZigBee.pdb" /SUBSYSTEM:WINDOWS /TLBID:1 /DYNAMICBASE /NXCOMPAT /IMPLIB:"..\Dll\ZigBee.lib" /MACHINE:X86 /DLL Debug\ZigBee.dll.embed.manifest.res
         Debug\802_15_4.obj
         Debug\AgentModel.obj
         Debug\BackoffCalculation.obj
         Debug\BERCalculation.obj
         Debug\CCA.obj
         Debug\ChangeRadioState.obj
         Debug\ErrorPathLoss.obj
         Debug\LocateBackoffBoundary.obj
         Debug\ReceivedPower.obj
         Debug\Sensor.obj
         Debug\ShadowLoss.obj
         Debug\SINRCalculation.obj
         Debug\SlottedCSMACA.obj
         Debug\Superframe.obj
         Debug\UnslottedCSMACA.obj Zigbee.lib NetworkStack.lib Metrics.lib Mobility.lib List.lib 
         Zigbee.lib(802_15_4_lib.obj) : MSIL .netmodule or module compiled with /GL found; restarting link with /LTCG; add /LTCG to the link command line to improve linker performance
     1>LINK : warning LNK4075: ignoring '/INCREMENTAL' due to '/LTCG' specification
            Creating library ..\Dll\ZigBee.lib and object ..\Dll\ZigBee.exp
     1>LINK : warning LNK4098: defaultlib 'MSVCRT' conflicts with use of other libs; use /NODEFAULTLIB:library
         Generating code
         Finished generating code
     1>Zigbee.lib(802_15_4_lib.obj) : warning LNK4099: PDB 'vc100.pdb' was not found with 'Zigbee.lib(802_15_4_lib.obj)' or at 'C:\Users\kanak\Desktop\New folder\Simulation 8.3.10 LEACH\Dll\vc100.pdb'; linking object as if no debug info
     1>List.lib(List.obj) : warning LNK4099: PDB 'vc100.pdb' was not found with 'List.lib(List.obj)' or at 'C:\Users\kanak\Desktop\New folder\Simulation 8.3.10 LEACH\Dll\vc100.pdb'; linking object as if no debug info
         ZigBee.vcxproj -> C:\Users\kanak\Desktop\New folder\Simulation 8.3.10 LEACH\ZigBee\..\Dll\ZigBee.dll
       FinalizeBuildStatus:
         Deleting file "Debug\ZigBee.unsuccessfulbuild".
         Touching "Debug\ZigBee.lastbuildstate".
     1>Done Building Project "C:\Users\kanak\Desktop\New folder\Simulation 8.3.10 LEACH\ZigBee\ZigBee.vcxproj" (rebuild target(s)).

Build succeeded.

Time Elapsed 00:00:05.13
