..\Dll\ZigBee.pdb
C:\Users\kanak\Desktop\New folder\Simulation 8.3.10 LEACH\ZigBee\Debug\802_15_4.obj
C:\Users\kanak\Desktop\New folder\Simulation 8.3.10 LEACH\ZigBee\Debug\AgentModel.obj
C:\Users\kanak\Desktop\New folder\Simulation 8.3.10 LEACH\ZigBee\Debug\BackoffCalculation.obj
C:\Users\kanak\Desktop\New folder\Simulation 8.3.10 LEACH\ZigBee\Debug\BERCalculation.obj
C:\Users\kanak\Desktop\New folder\Simulation 8.3.10 LEACH\ZigBee\Debug\CCA.obj
C:\Users\kanak\Desktop\New folder\Simulation 8.3.10 LEACH\ZigBee\Debug\ChangeRadioState.obj
C:\Users\kanak\Desktop\New folder\Simulation 8.3.10 LEACH\ZigBee\Debug\cl.command.1.tlog
C:\Users\kanak\Desktop\New folder\Simulation 8.3.10 LEACH\ZigBee\Debug\CL.read.1.tlog
C:\Users\kanak\Desktop\New folder\Simulation 8.3.10 LEACH\ZigBee\Debug\CL.write.1.tlog
C:\Users\kanak\Desktop\New folder\Simulation 8.3.10 LEACH\ZigBee\Debug\ErrorPathLoss.obj
C:\Users\kanak\Desktop\New folder\Simulation 8.3.10 LEACH\ZigBee\Debug\link.3276.read.1.tlog
C:\Users\kanak\Desktop\New folder\Simulation 8.3.10 LEACH\ZigBee\Debug\link.3276.write.1.tlog
C:\Users\kanak\Desktop\New folder\Simulation 8.3.10 LEACH\ZigBee\Debug\link.3276-cvtres.read.1.tlog
C:\Users\kanak\Desktop\New folder\Simulation 8.3.10 LEACH\ZigBee\Debug\link.3276-cvtres.write.1.tlog
C:\Users\kanak\Desktop\New folder\Simulation 8.3.10 LEACH\ZigBee\Debug\link.6096.read.1.tlog
C:\Users\kanak\Desktop\New folder\Simulation 8.3.10 LEACH\ZigBee\Debug\link.6096.write.1.tlog
C:\Users\kanak\Desktop\New folder\Simulation 8.3.10 LEACH\ZigBee\Debug\link.6096-cvtres.read.1.tlog
C:\Users\kanak\Desktop\New folder\Simulation 8.3.10 LEACH\ZigBee\Debug\link.6096-cvtres.write.1.tlog
C:\Users\kanak\Desktop\New folder\Simulation 8.3.10 LEACH\ZigBee\Debug\link.command.1.tlog
C:\Users\kanak\Desktop\New folder\Simulation 8.3.10 LEACH\ZigBee\Debug\link.read.1.tlog
C:\Users\kanak\Desktop\New folder\Simulation 8.3.10 LEACH\ZigBee\Debug\link.write.1.tlog
C:\Users\kanak\Desktop\New folder\Simulation 8.3.10 LEACH\ZigBee\Debug\LocateBackoffBoundary.obj
C:\Users\kanak\Desktop\New folder\Simulation 8.3.10 LEACH\ZigBee\Debug\mt.command.1.tlog
C:\Users\kanak\Desktop\New folder\Simulation 8.3.10 LEACH\ZigBee\Debug\mt.read.1.tlog
C:\Users\kanak\Desktop\New folder\Simulation 8.3.10 LEACH\ZigBee\Debug\mt.write.1.tlog
C:\Users\kanak\Desktop\New folder\Simulation 8.3.10 LEACH\ZigBee\Debug\rc.command.1.tlog
C:\Users\kanak\Desktop\New folder\Simulation 8.3.10 LEACH\ZigBee\Debug\rc.read.1.tlog
C:\Users\kanak\Desktop\New folder\Simulation 8.3.10 LEACH\ZigBee\Debug\rc.write.1.tlog
C:\Users\kanak\Desktop\New folder\Simulation 8.3.10 LEACH\ZigBee\Debug\ReceivedPower.obj
C:\Users\kanak\Desktop\New folder\Simulation 8.3.10 LEACH\ZigBee\Debug\Sensor.obj
C:\Users\kanak\Desktop\New folder\Simulation 8.3.10 LEACH\ZigBee\Debug\ShadowLoss.obj
C:\Users\kanak\Desktop\New folder\Simulation 8.3.10 LEACH\ZigBee\Debug\SINRCalculation.obj
C:\Users\kanak\Desktop\New folder\Simulation 8.3.10 LEACH\ZigBee\Debug\SlottedCSMACA.obj
C:\Users\kanak\Desktop\New folder\Simulation 8.3.10 LEACH\ZigBee\Debug\Superframe.obj
C:\Users\kanak\Desktop\New folder\Simulation 8.3.10 LEACH\ZigBee\Debug\UnslottedCSMACA.obj
C:\Users\kanak\Desktop\New folder\Simulation 8.3.10 LEACH\ZigBee\Debug\vc100.idb
C:\Users\kanak\Desktop\New folder\Simulation 8.3.10 LEACH\ZigBee\Debug\vc100.pdb
C:\Users\kanak\Desktop\New folder\Simulation 8.3.10 LEACH\ZigBee\Debug\ZigBee.dll.embed.manifest
C:\Users\kanak\Desktop\New folder\Simulation 8.3.10 LEACH\ZigBee\Debug\ZigBee.dll.embed.manifest.res
C:\Users\kanak\Desktop\New folder\Simulation 8.3.10 LEACH\ZigBee\Debug\ZigBee.dll.intermediate.manifest
C:\Users\kanak\Desktop\New folder\Simulation 8.3.10 LEACH\ZigBee\Debug\ZigBee.write.1.tlog
C:\Users\kanak\Desktop\New folder\Simulation 8.3.10 LEACH\ZigBee\Debug\ZigBee_manifest.rc
C:\USERS\KANAK\DESKTOP\SIMULATION 8.3.10 LEACH\DLL\LIBZIGBEE.DLL
C:\USERS\KANAK\DESKTOP\SIMULATION 8.3.10 LEACH\DLL\LIBZIGBEE.ILK
C:\Users\kanak\Desktop\Simulation 8.3.10 LEACH\Dll\ZigBee.exp
C:\Users\kanak\Desktop\Simulation 8.3.10 LEACH\Dll\ZigBee.lib
C:\USERS\KANAK\DESKTOP\SIMULATION 8.3.10 LEACH\DLL\ZIGBEE.PDB
C:\USERS\KANAK\DESKTOP\SIMULATION 8.3.10 LEACH\ZIGBEE\DEBUG\802_15_4.OBJ
C:\USERS\KANAK\DESKTOP\SIMULATION 8.3.10 LEACH\ZIGBEE\DEBUG\AGENTMODEL.OBJ
C:\USERS\KANAK\DESKTOP\SIMULATION 8.3.10 LEACH\ZIGBEE\DEBUG\BACKOFFCALCULATION.OBJ
C:\USERS\KANAK\DESKTOP\SIMULATION 8.3.10 LEACH\ZIGBEE\DEBUG\BERCALCULATION.OBJ
C:\USERS\KANAK\DESKTOP\SIMULATION 8.3.10 LEACH\ZIGBEE\DEBUG\CCA.OBJ
C:\USERS\KANAK\DESKTOP\SIMULATION 8.3.10 LEACH\ZIGBEE\DEBUG\CHANGERADIOSTATE.OBJ
C:\USERS\KANAK\DESKTOP\SIMULATION 8.3.10 LEACH\ZIGBEE\DEBUG\ERRORPATHLOSS.OBJ
C:\USERS\KANAK\DESKTOP\SIMULATION 8.3.10 LEACH\ZIGBEE\DEBUG\LOCATEBACKOFFBOUNDARY.OBJ
C:\USERS\KANAK\DESKTOP\SIMULATION 8.3.10 LEACH\ZIGBEE\DEBUG\RECEIVEDPOWER.OBJ
C:\USERS\KANAK\DESKTOP\SIMULATION 8.3.10 LEACH\ZIGBEE\DEBUG\SENSOR.OBJ
C:\USERS\KANAK\DESKTOP\SIMULATION 8.3.10 LEACH\ZIGBEE\DEBUG\SHADOWLOSS.OBJ
C:\USERS\KANAK\DESKTOP\SIMULATION 8.3.10 LEACH\ZIGBEE\DEBUG\SINRCALCULATION.OBJ
C:\USERS\KANAK\DESKTOP\SIMULATION 8.3.10 LEACH\ZIGBEE\DEBUG\SLOTTEDCSMACA.OBJ
C:\USERS\KANAK\DESKTOP\SIMULATION 8.3.10 LEACH\ZIGBEE\DEBUG\SUPERFRAME.OBJ
C:\USERS\KANAK\DESKTOP\SIMULATION 8.3.10 LEACH\ZIGBEE\DEBUG\UNSLOTTEDCSMACA.OBJ
C:\USERS\KANAK\DESKTOP\SIMULATION 8.3.10 LEACH\ZIGBEE\DEBUG\VC100.PDB
C:\USERS\KANAK\DESKTOP\SIMULATION 8.3.10 LEACH\ZIGBEE\DEBUG\ZIGBEE.DLL.EMBED.MANIFEST
C:\USERS\KANAK\DESKTOP\SIMULATION 8.3.10 LEACH\ZIGBEE\DEBUG\ZIGBEE.DLL.EMBED.MANIFEST.RES
C:\USERS\KANAK\DESKTOP\SIMULATION 8.3.10 LEACH\ZIGBEE\DEBUG\ZIGBEE.DLL.INTERMEDIATE.MANIFEST
