Build started 30-09-2015 14:52:57.
     1>Project "C:\Users\kanak\Desktop\New folder\Simulation 8.3.10 LEACH\DSR\DSR.vcxproj" on node 2 (rebuild target(s)).
     1>_PrepareForClean:
         Deleting file "Debug\DSR.lastbuildstate".
     1>C:\Program Files (x86)\MSBuild\Microsoft.Cpp\v4.0\Microsoft.CppBuild.targets(299,5): warning MSB8004: Output Directory does not end with a trailing slash.  This build instance will add the slash as it is required to allow proper evaluation of the Output Directory.
       InitializeBuildStatus:
         Creating "Debug\DSR.unsuccessfulbuild" because "AlwaysCreate" was specified.
       ClCompile:
         C:\Program Files (x86)\Microsoft Visual Studio 10.0\VC\bin\CL.exe /c /I..\Include /I..\ZigBee /ZI /nologo /W3 /WX- /Od /Oy- /D WIN32 /D _DEBUG /D _WINDOWS /D _USRDLL /D DSR_EXPORTS /D _WINDLL /D _UNICODE /D UNICODE /Gm /EHsc /RTC1 /MDd /GS /fp:precise /Zc:wchar_t /Zc:forScope /Fo"Debug\\" /Fd"Debug\vc100.pdb" /Gd /TC /analyze- /errorReport:prompt CheckRouteFound.c DSR.c LEACH.c MaintBuffer.c Network_Layer_Ack.c PacketProcessing.c RouteCache.c RouteError.c RouteReply.c RouteRequest.c SendBuffer.c SourceRoute.c
         SourceRoute.c
     1>c:\users\kanak\desktop\new folder\simulation 8.3.10 leach\dsr\sourceroute.c(68): warning C4013: 'fn_NetSim_LEACH_CheckDestination' undefined; assuming extern returning int
         SendBuffer.c
         RouteRequest.c
         RouteReply.c
         RouteError.c
         RouteCache.c
         PacketProcessing.c
     1>c:\users\kanak\desktop\new folder\simulation 8.3.10 leach\dsr\packetprocessing.c(41): warning C4013: 'fn_NetSim_LEACH_GetNextHop' undefined; assuming extern returning int
     1>c:\users\kanak\desktop\new folder\simulation 8.3.10 leach\dsr\packetprocessing.c(32): warning C4101: 'gateWay' : unreferenced local variable
         Network_Layer_Ack.c
         MaintBuffer.c
         LEACH.c
     1>c:\users\kanak\desktop\new folder\simulation 8.3.10 leach\dsr\leach.c(43): warning C4010: single-line comment contains line-continuation character
     1>c:\users\kanak\desktop\new folder\simulation 8.3.10 leach\dsr\leach.c(44): warning C4010: single-line comment contains line-continuation character
     1>c:\users\kanak\desktop\new folder\simulation 8.3.10 leach\dsr\leach.c(45): warning C4010: single-line comment contains line-continuation character
     1>c:\users\kanak\desktop\new folder\simulation 8.3.10 leach\dsr\leach.c(93): warning C4013: 'fn_NetSim_LEACH_AssignClusterHead' undefined; assuming extern returning int
     1>c:\users\kanak\desktop\new folder\simulation 8.3.10 leach\dsr\leach.c(120): warning C4013: 'fn_NetSim_LEACH_IdentifyCluster' undefined; assuming extern returning int
     1>c:\users\kanak\desktop\new folder\simulation 8.3.10 leach\dsr\leach.c(76): warning C4101: 'nInterface' : unreferenced local variable
         DSR.c
         CheckRouteFound.c
         Generating Code...
     1>c:\users\kanak\desktop\new folder\simulation 8.3.10 leach\dsr\leach.c(183): warning C4715: 'fn_NetSim_LEACH_IdentifyCluster' : not all control paths return a value
     1>C:\Program Files (x86)\MSBuild\Microsoft.Cpp\v4.0\Microsoft.CppBuild.targets(990,5): warning MSB8012: TargetPath(C:\Users\kanak\Desktop\New folder\Simulation 8.3.10 LEACH\DSR\..\Dll\DSR.dll) does not match the Linker's OutputFile property value (C:\Users\kanak\Desktop\New folder\Simulation 8.3.10 LEACH\Dll\libDSR.dll). This may cause your project to build incorrectly. To correct this, please make sure that $(OutDir), $(TargetName) and $(TargetExt) property values match the value specified in %(Link.OutputFile).
     1>C:\Program Files (x86)\MSBuild\Microsoft.Cpp\v4.0\Microsoft.CppBuild.targets(992,5): warning MSB8012: TargetName(DSR) does not match the Linker's OutputFile property value (libDSR). This may cause your project to build incorrectly. To correct this, please make sure that $(OutDir), $(TargetName) and $(TargetExt) property values match the value specified in %(Link.OutputFile).
       Link:
         C:\Program Files (x86)\Microsoft Visual Studio 10.0\VC\bin\link.exe /ERRORREPORT:PROMPT /OUT:"..\Dll\libDSR.dll" /INCREMENTAL:NO /NOLOGO /LIBPATH:..\lib kernel32.lib user32.lib gdi32.lib winspool.lib comdlg32.lib advapi32.lib shell32.lib ole32.lib oleaut32.lib uuid.lib odbc32.lib odbccp32.lib /MANIFEST /ManifestFile:"Debug\DSR.dll.intermediate.manifest" /MANIFESTUAC:"level='asInvoker' uiAccess='false'" /DEBUG /PDB:"C:\Users\kanak\Desktop\New folder\Simulation 8.3.10 LEACH\Dll\DSR.pdb" /SUBSYSTEM:WINDOWS /TLBID:1 /DYNAMICBASE /NXCOMPAT /IMPLIB:"..\Dll\DSR.lib" /MACHINE:X86 /DLL Debug\CheckRouteFound.obj
         Debug\DSR.obj
         Debug\LEACH.obj
         Debug\MaintBuffer.obj
         Debug\Network_Layer_Ack.obj
         Debug\PacketProcessing.obj
         Debug\RouteCache.obj
         Debug\RouteError.obj
         Debug\RouteReply.obj
         Debug\RouteRequest.obj
         Debug\SendBuffer.obj
         Debug\SourceRoute.obj List.lib DSR.lib NetworkStack.lib Metrics.lib 
     1>CheckRouteFound.obj : warning LNK4075: ignoring '/EDITANDCONTINUE' due to '/INCREMENTAL:NO' specification
         List.lib(List.obj) : MSIL .netmodule or module compiled with /GL found; restarting link with /LTCG; add /LTCG to the link command line to improve linker performance
     1>CheckRouteFound.obj : warning LNK4075: ignoring '/EDITANDCONTINUE' due to '/INCREMENTAL:NO' specification
            Creating library ..\Dll\DSR.lib and object ..\Dll\DSR.exp
     1>LINK : warning LNK4098: defaultlib 'MSVCRT' conflicts with use of other libs; use /NODEFAULTLIB:library
         Generating code
         Finished generating code
     1>List.lib(List.obj) : warning LNK4099: PDB 'vc100.pdb' was not found with 'List.lib(List.obj)' or at 'C:\Users\kanak\Desktop\New folder\Simulation 8.3.10 LEACH\Dll\vc100.pdb'; linking object as if no debug info
     1>DSR.lib(DSR.obj) : warning LNK4099: PDB 'vc100.pdb' was not found with 'DSR.lib(DSR.obj)' or at 'C:\Users\kanak\Desktop\New folder\Simulation 8.3.10 LEACH\Dll\vc100.pdb'; linking object as if no debug info
     1>DSR.lib(LinkLayerAck.obj) : warning LNK4099: PDB 'vc100.pdb' was not found with 'DSR.lib(LinkLayerAck.obj)' or at 'C:\Users\kanak\Desktop\New folder\Simulation 8.3.10 LEACH\Dll\vc100.pdb'; linking object as if no debug info
         DSR.vcxproj -> C:\Users\kanak\Desktop\New folder\Simulation 8.3.10 LEACH\DSR\..\Dll\DSR.dll
       Manifest:
         c:\Program Files (x86)\Microsoft SDKs\Windows\v7.0A\bin\mt.exe /nologo /verbose /outputresource:"..\Dll\libDSR.dll;#2" /manifest Debug\DSR.dll.intermediate.manifest
       FinalizeBuildStatus:
         Deleting file "Debug\DSR.unsuccessfulbuild".
         Touching "Debug\DSR.lastbuildstate".
     1>Done Building Project "C:\Users\kanak\Desktop\New folder\Simulation 8.3.10 LEACH\DSR\DSR.vcxproj" (rebuild target(s)).

Build succeeded.

Time Elapsed 00:00:04.07
