C:\Users\kanak\Desktop\New folder\Simulation 8.3.10 LEACH\DSR\Debug\cl.command.1.tlog
C:\Users\kanak\Desktop\New folder\Simulation 8.3.10 LEACH\DSR\Debug\CL.read.1.tlog
C:\Users\kanak\Desktop\New folder\Simulation 8.3.10 LEACH\DSR\Debug\CL.write.1.tlog
C:\Users\kanak\Desktop\New folder\Simulation 8.3.10 LEACH\DSR\Debug\DSR.write.1.tlog
C:\Users\kanak\Desktop\New folder\Simulation 8.3.10 LEACH\DSR\Debug\link.5332.read.1.tlog
C:\Users\kanak\Desktop\New folder\Simulation 8.3.10 LEACH\DSR\Debug\link.5332.write.1.tlog
C:\Users\kanak\Desktop\New folder\Simulation 8.3.10 LEACH\DSR\Debug\link.command.1.tlog
C:\Users\kanak\Desktop\New folder\Simulation 8.3.10 LEACH\DSR\Debug\link.read.1.tlog
C:\Users\kanak\Desktop\New folder\Simulation 8.3.10 LEACH\DSR\Debug\link.write.1.tlog
C:\Users\kanak\Desktop\New folder\Simulation 8.3.10 LEACH\DSR\Debug\mt.command.1.tlog
C:\Users\kanak\Desktop\New folder\Simulation 8.3.10 LEACH\DSR\Debug\mt.read.1.tlog
C:\Users\kanak\Desktop\New folder\Simulation 8.3.10 LEACH\DSR\Debug\mt.write.1.tlog
C:\Users\kanak\Desktop\New folder\Simulation 8.3.10 LEACH\DSR\Debug\vc100.idb
C:\Users\kanak\Desktop\Simulation 8.3.10 LEACH\Dll\DSR.exp
C:\Users\kanak\Desktop\Simulation 8.3.10 LEACH\Dll\DSR.lib
C:\USERS\KANAK\DESKTOP\SIMULATION 8.3.10 LEACH\DLL\DSR.PDB
C:\USERS\KANAK\DESKTOP\SIMULATION 8.3.10 LEACH\DLL\LIBDSR.DLL
C:\USERS\KANAK\DESKTOP\SIMULATION 8.3.10 LEACH\DSR\DEBUG\CHECKROUTEFOUND.OBJ
C:\USERS\KANAK\DESKTOP\SIMULATION 8.3.10 LEACH\DSR\DEBUG\DSR.DLL.INTERMEDIATE.MANIFEST
C:\USERS\KANAK\DESKTOP\SIMULATION 8.3.10 LEACH\DSR\DEBUG\DSR.OBJ
C:\USERS\KANAK\DESKTOP\SIMULATION 8.3.10 LEACH\DSR\DEBUG\LEACH.OBJ
C:\USERS\KANAK\DESKTOP\SIMULATION 8.3.10 LEACH\DSR\DEBUG\MAINTBUFFER.OBJ
C:\USERS\KANAK\DESKTOP\SIMULATION 8.3.10 LEACH\DSR\DEBUG\NETWORK_LAYER_ACK.OBJ
C:\USERS\KANAK\DESKTOP\SIMULATION 8.3.10 LEACH\DSR\DEBUG\PACKETPROCESSING.OBJ
C:\USERS\KANAK\DESKTOP\SIMULATION 8.3.10 LEACH\DSR\DEBUG\ROUTECACHE.OBJ
C:\USERS\KANAK\DESKTOP\SIMULATION 8.3.10 LEACH\DSR\DEBUG\ROUTEERROR.OBJ
C:\USERS\KANAK\DESKTOP\SIMULATION 8.3.10 LEACH\DSR\DEBUG\ROUTEREPLY.OBJ
C:\USERS\KANAK\DESKTOP\SIMULATION 8.3.10 LEACH\DSR\DEBUG\ROUTEREQUEST.OBJ
C:\USERS\KANAK\DESKTOP\SIMULATION 8.3.10 LEACH\DSR\DEBUG\SENDBUFFER.OBJ
C:\USERS\KANAK\DESKTOP\SIMULATION 8.3.10 LEACH\DSR\DEBUG\SOURCEROUTE.OBJ
C:\USERS\KANAK\DESKTOP\SIMULATION 8.3.10 LEACH\DSR\DEBUG\VC100.PDB
